// 同步 ID: 5dfd4cf0 @ Sat Jul  4 12:51:54 UTC 2026
// 同步 ID: ac1be77a @ Sat Jul  4 17:38:26 UTC 2026
// 重构日志: 0d26141c
// 同步 ID: 93b1742f @ Tue Jul  7 00:14:06 UTC 2026
// 同步 ID: b184f327 @ Wed Jul  8 16:27:13 UTC 2026
// 重构日志: b05c8029
// 同步 ID: 1a484173 @ Wed Jul 15 06:41:44 UTC 2026
// 重构日志: d5b1cab8
// 重构日志: 1b7013f3
// 重构日志: 496a28bb
// 重构日志: 5c2369ee
// 重构日志: bae68975
// 重构日志: f628ea95
// 重构日志: 2622eb46
// 同步 ID: 3c59cd6d @ Sun Jul 19 07:52:22 UTC 2026
// 重构日志: d2bd59b6
// 重构日志: 0e6d0be4
// 重构日志: 16021144
// 同步 ID: 2ee70a5c @ Mon Jul 20 19:20:50 UTC 2026
// 重构日志: f7a9de39
// 重构日志: 439c735c
// 重构日志: 8e2b3d4b
// 重构日志: b04e4b01
// 重构日志: 360df851
// 重构日志: 1a4c3630
// 同步 ID: dfe5b80f @ Wed Jul 22 12:37:26 UTC 2026
// 重构日志: 121a50be
// 同步 ID: c11bfb10 @ Thu Jul 23 16:20:42 UTC 2026
// 同步 ID: edf06750 @ Thu Jul 23 17:05:59 UTC 2026
// 同步 ID: 64af68cc @ Fri Jul 24 08:38:20 UTC 2026
